SF:/Users/sarge/Development/pinmentor/pin_api/participantapi/Participant.cs
FN:15,System.String participant.participantapi.Participant::get_FirstName()
FNDA:68,System.String participant.participantapi.Participant::get_FirstName()
DA:16,68
FN:18,System.String participant.participantapi.Participant::get_LastName()
FNDA:58,System.String participant.participantapi.Participant::get_LastName()
DA:19,58
FN:21,System.Nullable`1<System.Int32> participant.participantapi.Participant::get_ID()
FNDA:99,System.Nullable`1<System.Int32> participant.participantapi.Participant::get_ID()
DA:22,99
FN:4,System.Void participant.participantapi.Participant::.ctor()
FNDA:0,System.Void participant.participantapi.Participant::.ctor()
DA:5,0
DA:6,0
DA:8,0
FN:8,System.Void participant.participantapi.Participant::.ctor(System.Nullable`1<System.Int32>,System.String,System.String)
FNDA:40,System.Void participant.participantapi.Participant::.ctor(System.Nullable`1<System.Int32>,System.String,System.String)
DA:9,40
DA:10,40
DA:11,40
DA:12,40
DA:13,40
DA:14,40
LF:12
LH:9
BRF:0
BRH:0
FNF:5
FNH:4
end_of_record
SF:/Users/sarge/Development/pinmentor/pin_api/participantapi/Program.cs
FN:8,System.Void participant.participantapi.Program::Main(System.String[])
FNDA:0,System.Void participant.participantapi.Program::Main(System.String[])
DA:9,0
DA:10,0
DA:11,0
FN:13,Microsoft.Extensions.Hosting.IHostBuilder participant.participantapi.Program::CreateHostBuilder(System.String[])
FNDA:1,Microsoft.Extensions.Hosting.IHostBuilder participant.participantapi.Program::CreateHostBuilder(System.String[])
DA:14,1
DA:15,1
DA:16,2
DA:17,2
DA:18,2
BRDA:14,12,0,1
BRDA:14,12,1,1
LF:8
LH:5
BRF:2
BRH:2
FNF:2
FNH:1
end_of_record
SF:/Users/sarge/Development/pinmentor/pin_api/participantapi/Startup.cs
FN:17,Microsoft.Extensions.Configuration.IConfiguration participant.participantapi.Startup::get_Configuration()
FNDA:0,Microsoft.Extensions.Configuration.IConfiguration participant.participantapi.Startup::get_Configuration()
DA:18,0
FN:21,System.Void participant.participantapi.Startup::ConfigureServices(Microsoft.Extensions.DependencyInjection.IServiceCollection)
FNDA:1,System.Void participant.participantapi.Startup::ConfigureServices(Microsoft.Extensions.DependencyInjection.IServiceCollection)
DA:22,1
DA:23,1
DA:24,1
DA:25,1
FN:28,System.Void participant.participantapi.Startup::Configure(Microsoft.AspNetCore.Builder.IApplicationBuilder,Microsoft.AspNetCore.Hosting.IWebHostEnvironment)
FNDA:1,System.Void participant.participantapi.Startup::Configure(Microsoft.AspNetCore.Builder.IApplicationBuilder,Microsoft.AspNetCore.Hosting.IWebHostEnvironment)
DA:29,1
DA:30,1
DA:31,1
DA:32,1
DA:33,1
DA:35,1
DA:37,1
DA:39,1
DA:41,1
DA:42,2
DA:43,2
DA:44,2
DA:45,1
BRDA:30,9,0,1
BRDA:30,9,1,1
BRDA:41,48,0,1
BRDA:41,48,1,1
FN:12,System.Void participant.participantapi.Startup::.ctor(Microsoft.Extensions.Configuration.IConfiguration)
FNDA:1,System.Void participant.participantapi.Startup::.ctor(Microsoft.Extensions.Configuration.IConfiguration)
DA:13,1
DA:14,1
DA:15,1
DA:16,1
LF:22
LH:21
BRF:4
BRH:4
FNF:4
FNH:3
end_of_record
SF:/Users/sarge/Development/pinmentor/pin_api/participantapi/DataStore/InMemoryParticipantStore.cs
FN:27,participant.participantapi.Participant participant.participantapi.DataStore.InMemoryParticipantStore::Add(participant.participantapi.Participant)
FNDA:6,participant.participantapi.Participant participant.participantapi.DataStore.InMemoryParticipantStore::Add(participant.participantapi.Participant)
DA:28,6
DA:29,6
DA:30,5
DA:31,6
DA:32,5
DA:34,1
DA:35,1
DA:36,1
DA:37,1
DA:38,1
DA:40,1
DA:42,6
DA:44,6
DA:45,6
BRDA:29,35,0,5
BRDA:29,35,1,1
FN:47,System.Collections.Generic.IEnumerable`1<participant.participantapi.Participant> participant.participantapi.DataStore.InMemoryParticipantStore::Add(System.Collections.Generic.IEnumerable`1<participant.participantapi.Participant>)
FNDA:7,System.Collections.Generic.IEnumerable`1<participant.participantapi.Participant> participant.participantapi.DataStore.InMemoryParticipantStore::Add(System.Collections.Generic.IEnumerable`1<participant.participantapi.Participant>)
DA:48,7
DA:50,20
DA:51,20
DA:53,10
DA:56,9
DA:59,7
DA:61,7
DA:62,7
BRDA:53,46,0,1
BRDA:53,46,1,7
BRDA:50,14,0,11
BRDA:50,14,1,2
FN:64,System.Linq.IQueryable`1<participant.participantapi.Participant> participant.participantapi.DataStore.InMemoryParticipantStore::All()
FNDA:8,System.Linq.IQueryable`1<participant.participantapi.Participant> participant.participantapi.DataStore.InMemoryParticipantStore::All()
DA:65,8
DA:66,8
DA:67,8
FN:69,System.Linq.IQueryable`1<participant.participantapi.Participant> participant.participantapi.DataStore.InMemoryParticipantStore::All(System.Int32,System.Int32)
FNDA:1,System.Linq.IQueryable`1<participant.participantapi.Participant> participant.participantapi.DataStore.InMemoryParticipantStore::All(System.Int32,System.Int32)
DA:70,1
DA:71,1
FN:74,System.Void participant.participantapi.DataStore.InMemoryParticipantStore::Delete(System.Linq.Expressions.Expression`1<System.Func`2<participant.participantapi.Participant,System.Boolean>>)
FNDA:2,System.Void participant.participantapi.DataStore.InMemoryParticipantStore::Delete(System.Linq.Expressions.Expression`1<System.Func`2<participant.participantapi.Participant,System.Boolean>>)
DA:75,2
DA:76,2
DA:77,6
DA:78,2
FN:80,System.Void participant.participantapi.DataStore.InMemoryParticipantStore::Delete(participant.participantapi.Participant)
FNDA:1,System.Void participant.participantapi.DataStore.InMemoryParticipantStore::Delete(participant.participantapi.Participant)
DA:81,1
DA:82,1
DA:83,1
FN:85,System.Void participant.participantapi.DataStore.InMemoryParticipantStore::DeleteAll()
FNDA:1,System.Void participant.participantapi.DataStore.InMemoryParticipantStore::DeleteAll()
DA:86,1
DA:87,1
DA:88,1
FN:90,System.Void participant.participantapi.DataStore.InMemoryParticipantStore::Dispose()
FNDA:1,System.Void participant.participantapi.DataStore.InMemoryParticipantStore::Dispose()
DA:91,1
DA:92,1
DA:93,1
FN:95,participant.participantapi.Participant participant.participantapi.DataStore.InMemoryParticipantStore::Single(System.Linq.Expressions.Expression`1<System.Func`2<participant.participantapi.Participant,System.Boolean>>)
FNDA:7,participant.participantapi.Participant participant.participantapi.DataStore.InMemoryParticipantStore::Single(System.Linq.Expressions.Expression`1<System.Func`2<participant.participantapi.Participant,System.Boolean>>)
DA:96,7
DA:98,7
DA:99,7
DA:100,7
FN:11,System.Void participant.participantapi.DataStore.InMemoryParticipantStore::.ctor(System.Collections.Generic.IEnumerable`1<participant.participantapi.Participant>)
FNDA:18,System.Void participant.participantapi.DataStore.InMemoryParticipantStore::.ctor(System.Collections.Generic.IEnumerable`1<participant.participantapi.Participant>)
DA:12,18
DA:13,18
DA:14,18
DA:15,14
DA:16,14
DA:17,14
DA:18,14
DA:20,4
DA:21,4
DA:22,11
DA:23,4
DA:26,18
BRDA:14,14,0,14
BRDA:14,14,1,4
BRDA:22,64,0,1
BRDA:22,64,1,4
LF:56
LH:56
BRF:10
BRH:10
FNF:10
FNH:10
end_of_record
SF:/Users/sarge/Development/pinmentor/pin_api/participantapi/Controllers/ParticipantController.cs
FN:19,participant.participantapi.Participant[] participant.participantapi.Controllers.ParticipantController::Get()
FNDA:1,participant.participantapi.Participant[] participant.participantapi.Controllers.ParticipantController::Get()
DA:20,1
DA:21,1
DA:22,1
FN:26,participant.participantapi.Participant participant.participantapi.Controllers.ParticipantController::Get(System.Int32)
FNDA:1,participant.participantapi.Participant participant.participantapi.Controllers.ParticipantController::Get(System.Int32)
DA:27,1
DA:28,1
DA:29,1
FN:32,System.Void participant.participantapi.Controllers.ParticipantController::Put(participant.participantapi.Participant[])
FNDA:1,System.Void participant.participantapi.Controllers.ParticipantController::Put(participant.participantapi.Participant[])
DA:33,1
DA:34,1
DA:35,1
FN:12,System.Void participant.participantapi.Controllers.ParticipantController::.ctor(participant.participantapi.DataStore.IRepository`1<participant.participantapi.Participant>)
FNDA:3,System.Void participant.participantapi.Controllers.ParticipantController::.ctor(participant.participantapi.DataStore.IRepository`1<participant.participantapi.Participant>)
DA:13,3
DA:14,3
DA:15,3
DA:16,3
LF:13
LH:13
BRF:0
BRH:0
FNF:4
FNH:4
end_of_record